# JRE version: OpenJDK Runtime Environment Temurin-21.0.4+7 (21.0.4+7) (build 21.0.4+7-LTS)
# Java VM: OpenJDK 64-Bit Server VM Temurin-21.0.4+7 (21.0.4+7-LTS, mixed mode, emulated-client, tiered, compressed oops, compressed class ptrs, g1 gc, windows-amd64)
GC Precious Log:
 CardTable entry size: 512
 Card Set container configuration: InlinePtr #cards 5 size 8 Array Of Cards #cards 12 size 40 Howl #buckets 4 coarsen threshold 1843 Howl Bitmap #cards 512 size 80 coarsen threshold 460 Card regions per heap region 1 cards per card region 2048
 CPUs: 12 total, 12 available
 Memory: 7886M
 Large Page Support: Disabled
 NUMA Support: Disabled
 Compressed Oops: Enabled (32-bit)
 Heap Region Size: 1M
 Heap Min Capacity: 8M
 Heap Initial Capacity: 124M
 Heap Max Capacity: 1972M
 Pre-touch: Disabled
 Parallel Workers: 10
 Concurrent Workers: 3
 Concurrent Refinement Workers: 10
 Periodic GC: Disabled
Heap:
 garbage-first heap   total 73728K, used 43435K [0x0000000084c00000, 0x0000000100000000)
  region size 1024K, 20 young (20480K), 3 survivors (3072K)
 Metaspace       used 68962K, committed 69568K, reserved 1114112K
  class space    used 9079K, committed 9344K, reserved 1048576K
GC Heap History (20 events):
Event: 3.979 GC heap before
{Heap before GC invocations=10 (full 0):
 garbage-first heap   total 55296K, used 41331K [0x0000000084c00000, 0x0000000100000000)
  region size 1024K, 28 young (28672K), 3 survivors (3072K)
 Metaspace       used 35903K, committed 36288K, reserved 1114112K
  class space    used 4291K, committed 4480K, reserved 1048576K
}
Event: 3.986 GC heap after
{Heap after GC invocations=11 (full 0):
 garbage-first heap   total 66560K, used 17512K [0x0000000084c00000, 0x0000000100000000)
  region size 1024K, 2 young (2048K), 2 survivors (2048K)
 Metaspace       used 35903K, committed 36288K, reserved 1114112K
  class space    used 4291K, committed 4480K, reserved 1048576K
}
Event: 4.560 GC heap before
{Heap before GC invocations=12 (full 0):
 garbage-first heap   total 61440K, used 55400K [0x0000000084c00000, 0x0000000100000000)
  region size 1024K, 39 young (39936K), 2 survivors (2048K)
 Metaspace       used 38787K, committed 39232K, reserved 1114112K
  class space    used 4748K, committed 4928K, reserved 1048576K
}
Event: 4.567 GC heap after
{Heap after GC invocations=13 (full 0):
 garbage-first heap   total 61440K, used 19570K [0x0000000084c00000, 0x0000000100000000)
  region size 1024K, 4 young (4096K), 4 survivors (4096K)
 Metaspace       used 38787K, committed 39232K, reserved 1114112K
  class space    used 4748K, committed 4928K, reserved 1048576K
}
Event: 4.964 GC heap before
{Heap before GC invocations=13 (full 0):
 garbage-first heap   total 61440K, used 53362K [0x0000000084c00000, 0x0000000100000000)
  region size 1024K, 36 young (36864K), 4 survivors (4096K)
 Metaspace       used 41824K, committed 42304K, reserved 1114112K
  class space    used 5147K, committed 5376K, reserved 1048576K
}
Event: 4.972 GC heap after
{Heap after GC invocations=14 (full 0):
 garbage-first heap   total 61440K, used 21667K [0x0000000084c00000, 0x0000000100000000)
  region size 1024K, 5 young (5120K), 5 survivors (5120K)
 Metaspace       used 41824K, committed 42304K, reserved 1114112K
  class space    used 5147K, committed 5376K, reserved 1048576K
}
Event: 5.335 GC heap before
{Heap before GC invocations=14 (full 0):
 garbage-first heap   total 61440K, used 52387K [0x0000000084c00000, 0x0000000100000000)
  region size 1024K, 35 young (35840K), 5 survivors (5120K)
 Metaspace       used 44359K, committed 44928K, reserved 1114112K
  class space    used 5493K, committed 5760K, reserved 1048576K
}
Event: 5.342 GC heap after
{Heap after GC invocations=15 (full 0):
 garbage-first heap   total 61440K, used 22603K [0x0000000084c00000, 0x0000000100000000)
  region size 1024K, 4 young (4096K), 4 survivors (4096K)
 Metaspace       used 44359K, committed 44928K, reserved 1114112K
  class space    used 5493K, committed 5760K, reserved 1048576K
}
Event: 5.653 GC heap before
{Heap before GC invocations=15 (full 0):
 garbage-first heap   total 61440K, used 53323K [0x0000000084c00000, 0x0000000100000000)
  region size 1024K, 34 young (34816K), 4 survivors (4096K)
 Metaspace       used 47471K, committed 48000K, reserved 1114112K
  class space    used 5955K, committed 6208K, reserved 1048576K
}
Event: 5.659 GC heap after
{Heap after GC invocations=16 (full 0):
 garbage-first heap   total 73728K, used 22732K [0x0000000084c00000, 0x0000000100000000)
  region size 1024K, 2 young (2048K), 2 survivors (2048K)
 Metaspace       used 47471K, committed 48000K, reserved 1114112K
  class space    used 5955K, committed 6208K, reserved 1048576K
}
Event: 6.248 GC heap before
{Heap before GC invocations=16 (full 0):
 garbage-first heap   total 73728K, used 63692K [0x0000000084c00000, 0x0000000100000000)
  region size 1024K, 43 young (44032K), 2 survivors (2048K)
 Metaspace       used 53127K, committed 53696K, reserved 1114112K
  class space    used 6656K, committed 6912K, reserved 1048576K
}
Event: 6.253 GC heap after
{Heap after GC invocations=17 (full 0):
 garbage-first heap   total 73728K, used 24313K [0x0000000084c00000, 0x0000000100000000)
  region size 1024K, 4 young (4096K), 4 survivors (4096K)
 Metaspace       used 53127K, committed 53696K, reserved 1114112K
  class space    used 6656K, committed 6912K, reserved 1048576K
}
Event: 7.829 GC heap before
{Heap before GC invocations=17 (full 0):
 garbage-first heap   total 73728K, used 63225K [0x0000000084c00000, 0x0000000100000000)
  region size 1024K, 42 young (43008K), 4 survivors (4096K)
 Metaspace       used 58031K, committed 58624K, reserved 1114112K
  class space    used 7359K, committed 7616K, reserved 1048576K
}
Event: 7.835 GC heap after
{Heap after GC invocations=18 (full 0):
 garbage-first heap   total 73728K, used 25665K [0x0000000084c00000, 0x0000000100000000)
  region size 1024K, 4 young (4096K), 4 survivors (4096K)
 Metaspace       used 58031K, committed 58624K, reserved 1114112K
  class space    used 7359K, committed 7616K, reserved 1048576K
}
Event: 8.048 GC heap before
{Heap before GC invocations=18 (full 0):
 garbage-first heap   total 73728K, used 44097K [0x0000000084c00000, 0x0000000100000000)
  region size 1024K, 24 young (24576K), 4 survivors (4096K)
 Metaspace       used 60081K, committed 60608K, reserved 1114112K
  class space    used 7597K, committed 7872K, reserved 1048576K
}
Event: 8.053 GC heap after
{Heap after GC invocations=19 (full 0):
 garbage-first heap   total 73728K, used 25900K [0x0000000084c00000, 0x0000000100000000)
  region size 1024K, 4 young (4096K), 4 survivors (4096K)
 Metaspace       used 60081K, committed 60608K, reserved 1114112K
  class space    used 7597K, committed 7872K, reserved 1048576K
}
Event: 8.491 GC heap before
{Heap before GC invocations=20 (full 0):
 garbage-first heap   total 73728K, used 61740K [0x0000000084c00000, 0x0000000100000000)
  region size 1024K, 40 young (40960K), 4 survivors (4096K)
 Metaspace       used 64319K, committed 64960K, reserved 1114112K
  class space    used 8366K, committed 8640K, reserved 1048576K
}
Event: 8.496 GC heap after
{Heap after GC invocations=21 (full 0):
 garbage-first heap   total 73728K, used 26784K [0x0000000084c00000, 0x0000000100000000)
  region size 1024K, 3 young (3072K), 3 survivors (3072K)
 Metaspace       used 64319K, committed 64960K, reserved 1114112K
  class space    used 8366K, committed 8640K, reserved 1048576K
}
Event: 8.949 GC heap before
{Heap before GC invocations=21 (full 0):
 garbage-first heap   total 73728K, used 63648K [0x0000000084c00000, 0x0000000100000000)
  region size 1024K, 40 young (40960K), 3 survivors (3072K)
 Metaspace       used 67802K, committed 68352K, reserved 1114112K
  class space    used 8914K, committed 9152K, reserved 1048576K
}
Event: 8.955 GC heap after
{Heap after GC invocations=22 (full 0):
 garbage-first heap   total 73728K, used 27051K [0x0000000084c00000, 0x0000000100000000)
  region size 1024K, 3 young (3072K), 3 survivors (3072K)
 Metaspace       used 67802K, committed 68352K, reserved 1114112K
  class space    used 8914K, committed 9152K, reserved 1048576K
}

